[0824/173619:INFO:exception_record.cc(518)] [QB]Process ID: 22864 Type: 2
[0826/103959:FATAL:memory.cc(19)] Out of memory. size=9334784
Backtrace:
	CLInfo [0x579063B7+224727]
	cef_time_to_timet [0x578CE4C1+635473]
	TerminateProcessWithoutDump [0x59626261+9117713]
	GetHandleVerifier [0x58C5428D+20217869]
	GetHandleVerifier [0x58C53F27+20216999]
	GetHandleVerifier [0x57DEA277+5103607]
	GetHandleVerifier [0x57C906C2+3687490]
	GetHandleVerifier [0x57BFF7CC+3093836]
	GetHandleVerifier [0x57CF327A+4091898]
	GetHandleVerifier [0x57D1BCEC+4258412]
	GetHandleVerifier [0x57D1BDBE+4258622]
	GetHandleVerifier [0x57CF2C62+4090338]
	GetHandleVerifier [0x57C328E1+3303009]
	GetHandleVerifier [0x57C0CD9B+3148571]
	GetHandleVerifier [0x57C0AB1D+3139741]
	GetHandleVerifier [0x57D04FCD+4164941]
	GetHandleVerifier [0x57D0633B+4169915]
	GetHandleVerifier [0x57D06B4B+4171979]
	GetHandleVerifier [0x57D03375+4157685]
	GetHandleVerifier [0x57C0D90B+3151499]
	GetHandleVerifier [0x57C08C37+3131831]
	TerminateProcessWithoutDump [0x5983DFAF+11312479]
	TerminateProcessWithoutDump [0x598D75DD+11940749]
	TerminateProcessWithoutDump [0x598D73FF+11940271]
	TerminateProcessWithoutDump [0x598ED538+12030696]
	TerminateProcessWithoutDump [0x598C0890+11847232]
	TerminateProcessWithoutDump [0x598C06C1+11846769]
	TerminateProcessWithoutDump [0x598C05D7+11846535]
	TerminateProcessWithoutDump [0x598A87B6+11748710]
	GetHandleVerifier [0x58BFD8B4+19863092]
	GetHandleVerifier [0x58BFD79E+19862814]
	GetHandleVerifier [0x58BFD7CF+19862863]
	CLInfo [0x578E17E2+74242]
	BaseThreadInitThunk [0x75E362C4+36]
	RtlSubscribeWnfStateChangeNotification [0x77270F79+1081]
	RtlSubscribeWnfStateChangeNotification [0x77270F44+1028]

[0826/104002:INFO:exception_record.cc(518)] [QB]Process ID: 28456 Type: 2
[0826/174829:FATAL:memory.cc(19)] Out of memory. size=18567168
Backtrace:
	CLInfo [0x579063B7+224727]
	cef_time_to_timet [0x578CE4C1+635473]
	TerminateProcessWithoutDump [0x59626261+9117713]
	GetHandleVerifier [0x58C5428D+20217869]
	GetHandleVerifier [0x58C53F27+20216999]
	TerminateProcessWithoutDump [0x598C6A3A+11872234]
	TerminateProcessWithoutDump [0x598C567B+11867179]
	TerminateProcessWithoutDump [0x598C53E8+11866520]
	TerminateProcessWithoutDump [0x598C768F+11875391]
	GetHandleVerifier [0x58BFD8B4+19863092]
	GetHandleVerifier [0x58BFD79E+19862814]
	GetHandleVerifier [0x58BFD7CF+19862863]
	CLInfo [0x578E17E2+74242]
	BaseThreadInitThunk [0x75E362C4+36]
	RtlSubscribeWnfStateChangeNotification [0x77270F79+1081]
	RtlSubscribeWnfStateChangeNotification [0x77270F44+1028]

[0826/174832:INFO:exception_record.cc(518)] [QB]Process ID: 27000 Type: 2
[0826/174832:FATAL:memory.cc(19)] Out of memory. size=18567168
Backtrace:
	CLInfo [0x579063B7+224727]
	cef_time_to_timet [0x578CE4C1+635473]
	TerminateProcessWithoutDump [0x59626261+9117713]
	GetHandleVerifier [0x58C5428D+20217869]
	GetHandleVerifier [0x58C53F27+20216999]
	GetHandleVerifier [0x57DEA277+5103607]
	GetHandleVerifier [0x57C906C2+3687490]
	GetHandleVerifier [0x57BFF7CC+3093836]
	GetHandleVerifier [0x57DA387B+4814331]
	GetHandleVerifier [0x57D1E122+4267682]
	GetHandleVerifier [0x57D1DC6E+4266478]
	GetHandleVerifier [0x57D1DE81+4267009]
	GetHandleVerifier [0x57D1E43F+4268479]
	GetHandleVerifier [0x57C98C05+3721605]
	GetHandleVerifier [0x57C53BCC+3438924]
	GetHandleVerifier [0x57C54297+3440663]
	GetHandleVerifier [0x57C1ECD8+3222104]
	GetHandleVerifier [0x57C5A844+3466692]
	GetHandleVerifier [0x57C23815+3241365]
	GetHandleVerifier [0x57C21A5E+3233758]
	GetHandleVerifier [0x57C338C5+3307077]
	GetHandleVerifier [0x57C09DB8+3136312]
	GetHandleVerifier [0x57C0BE39+3144633]
	GetHandleVerifier [0x57C083B8+3129656]
	GetHandleVerifier [0x57C15217+3182487]
	TerminateProcessWithoutDump [0x598C6BAA+11872602]
	TerminateProcessWithoutDump [0x598C567B+11867179]
	TerminateProcessWithoutDump [0x598C53E8+11866520]
	TerminateProcessWithoutDump [0x598C768F+11875391]
	GetHandleVerifier [0x58BFD8B4+19863092]
	GetHandleVerifier [0x58BFD79E+19862814]
	GetHandleVerifier [0x58BFD7CF+19862863]
	CLInfo [0x578E17E2+74242]
	BaseThreadInitThunk [0x75E362C4+36]
	RtlSubscribeWnfStateChangeNotification [0x77270F79+1081]
	RtlSubscribeWnfStateChangeNotification [0x77270F44+1028]

[0826/174836:INFO:exception_record.cc(518)] [QB]Process ID: 23480 Type: 2
[0826/175750:FATAL:memory.cc(19)] Out of memory. size=4194304
Backtrace:
	CLInfo [0x579063B7+224727]
	cef_time_to_timet [0x578CE4C1+635473]
	TerminateProcessWithoutDump [0x59626261+9117713]
	GetHandleVerifier [0x58C5428D+20217869]
	GetHandleVerifier [0x58C53F27+20216999]
	TerminateProcessWithoutDump [0x598C643E+11870702]
	TerminateProcessWithoutDump [0x598C5652+11867138]
	TerminateProcessWithoutDump [0x598C617A+11869994]
	TerminateProcessWithoutDump [0x598C67C7+11871607]
	TerminateProcessWithoutDump [0x598C567B+11867179]
	TerminateProcessWithoutDump [0x598C53E8+11866520]
	TerminateProcessWithoutDump [0x598C768F+11875391]
	GetHandleVerifier [0x58BFD8B4+19863092]
	GetHandleVerifier [0x58BFD79E+19862814]
	GetHandleVerifier [0x58BFD7CF+19862863]
	CLInfo [0x578E17E2+74242]
	BaseThreadInitThunk [0x75E362C4+36]
	RtlSubscribeWnfStateChangeNotification [0x77270F79+1081]
	RtlSubscribeWnfStateChangeNotification [0x77270F44+1028]

[0826/175750:INFO:exception_record.cc(518)] [QB]Process ID: 8152 Type: 2
[0827/110040:FATAL:memory.cc(19)] Out of memory. size=4194304
Backtrace:
	CLInfo [0x579063B7+224727]
	cef_time_to_timet [0x578CE4C1+635473]
	TerminateProcessWithoutDump [0x59626261+9117713]
	GetHandleVerifier [0x58C5428D+20217869]
	GetHandleVerifier [0x58C53F27+20216999]
	TerminateProcessWithoutDump [0x598C6A3A+11872234]
	TerminateProcessWithoutDump [0x598C567B+11867179]
	TerminateProcessWithoutDump [0x598C53E8+11866520]
	TerminateProcessWithoutDump [0x598C768F+11875391]
	GetHandleVerifier [0x58BFD8B4+19863092]
	GetHandleVerifier [0x58BFD79E+19862814]
	GetHandleVerifier [0x58BFD7CF+19862863]
	CLInfo [0x578E17E2+74242]
	BaseThreadInitThunk [0x75E362C4+36]
	RtlSubscribeWnfStateChangeNotification [0x77270F79+1081]
	RtlSubscribeWnfStateChangeNotification [0x77270F44+1028]

[0827/110045:INFO:exception_record.cc(518)] [QB]Process ID: 31592 Type: 2
[0827/110429:FATAL:memory.cc(19)] Out of memory. size=4194304
Backtrace:
	CLInfo [0x579063B7+224727]
	cef_time_to_timet [0x578CE4C1+635473]
	TerminateProcessWithoutDump [0x59626261+9117713]
	GetHandleVerifier [0x58C5428D+20217869]
	GetHandleVerifier [0x58C53F27+20216999]
	TerminateProcessWithoutDump [0x598C6A3A+11872234]
	TerminateProcessWithoutDump [0x598C567B+11867179]
	TerminateProcessWithoutDump [0x598C53E8+11866520]
	TerminateProcessWithoutDump [0x598C768F+11875391]
	GetHandleVerifier [0x58BFD8B4+19863092]
	GetHandleVerifier [0x58BFD79E+19862814]
	GetHandleVerifier [0x58BFD7CF+19862863]
	CLInfo [0x578E17E2+74242]
	BaseThreadInitThunk [0x75E362C4+36]
	RtlSubscribeWnfStateChangeNotification [0x77270F79+1081]
	RtlSubscribeWnfStateChangeNotification [0x77270F44+1028]

[0827/110430:INFO:exception_record.cc(518)] [QB]Process ID: 29336 Type: 2
[0827/111047:FATAL:memory.cc(19)] Out of memory. size=4194304
Backtrace:
	CLInfo [0x579063B7+224727]
	cef_time_to_timet [0x578CE4C1+635473]
	TerminateProcessWithoutDump [0x59626261+9117713]
	GetHandleVerifier [0x58C5428D+20217869]
	GetHandleVerifier [0x58C53F27+20216999]
	TerminateProcessWithoutDump [0x598C643E+11870702]
	TerminateProcessWithoutDump [0x598C5652+11867138]
	TerminateProcessWithoutDump [0x598C53E8+11866520]
	TerminateProcessWithoutDump [0x598C768F+11875391]
	GetHandleVerifier [0x58BFD8B4+19863092]
	GetHandleVerifier [0x58BFD79E+19862814]
	GetHandleVerifier [0x58BFD7CF+19862863]
	CLInfo [0x578E17E2+74242]
	BaseThreadInitThunk [0x75E362C4+36]
	RtlSubscribeWnfStateChangeNotification [0x77270F79+1081]
	RtlSubscribeWnfStateChangeNotification [0x77270F44+1028]

[0827/111048:INFO:exception_record.cc(518)] [QB]Process ID: 27828 Type: 2
[0827/111353:FATAL:memory.cc(19)] Out of memory. size=6983680
Backtrace:
	CLInfo [0x579063B7+224727]
	cef_time_to_timet [0x578CE4C1+635473]
	TerminateProcessWithoutDump [0x59626261+9117713]
	GetHandleVerifier [0x58C5428D+20217869]
	GetHandleVerifier [0x58C53F27+20216999]
	TerminateProcessWithoutDump [0x598C643E+11870702]
	TerminateProcessWithoutDump [0x598C5652+11867138]
	TerminateProcessWithoutDump [0x598C617A+11869994]
	TerminateProcessWithoutDump [0x598C67C7+11871607]
	TerminateProcessWithoutDump [0x598C567B+11867179]
	TerminateProcessWithoutDump [0x598C53E8+11866520]
	TerminateProcessWithoutDump [0x598C768F+11875391]
	GetHandleVerifier [0x58BFD8B4+19863092]
	GetHandleVerifier [0x58BFD79E+19862814]
	GetHandleVerifier [0x58BFD7CF+19862863]
	CLInfo [0x578E17E2+74242]
	BaseThreadInitThunk [0x75E362C4+36]
	RtlSubscribeWnfStateChangeNotification [0x77270F79+1081]
	RtlSubscribeWnfStateChangeNotification [0x77270F44+1028]

[0827/111355:INFO:exception_record.cc(518)] [QB]Process ID: 1656 Type: 2
[0828/101129:INFO:exception_record.cc(518)] [QB]Process ID: 8636 Type: 2
[0828/111442:INFO:exception_record.cc(518)] [QB]Process ID: 24544 Type: 2
[0914/170109:INFO:exception_record.cc(518)] [QB]Process ID: 6500 Type: 2
[0914/170111:INFO:http_cache_transaction.cc(72)] IgnoreZeroCacheError: 0
[0928/115638:WARNING:quota_manager.cc(1833)] Create directory failed for path
[0928/122638:WARNING:quota_manager.cc(1833)] Create directory failed for path
[0928/125638:WARNING:quota_manager.cc(1833)] Create directory failed for path
[0928/132638:WARNING:quota_manager.cc(1833)] Create directory failed for path
[0928/135638:WARNING:quota_manager.cc(1833)] Create directory failed for path
[0928/142638:WARNING:quota_manager.cc(1833)] Create directory failed for path
[0928/145643:WARNING:quota_manager.cc(1833)] Create directory failed for path
[0928/152643:WARNING:quota_manager.cc(1833)] Create directory failed for path
[0928/155643:WARNING:quota_manager.cc(1833)] Create directory failed for path
[0928/162643:WARNING:quota_manager.cc(1833)] Create directory failed for path
[0928/165644:WARNING:quota_manager.cc(1833)] Create directory failed for path
[0928/172644:WARNING:quota_manager.cc(1833)] Create directory failed for path
[0928/175644:WARNING:quota_manager.cc(1833)] Create directory failed for path
[0928/182644:WARNING:quota_manager.cc(1833)] Create directory failed for path
[0928/185644:WARNING:quota_manager.cc(1833)] Create directory failed for path
[0928/192644:WARNING:quota_manager.cc(1833)] Create directory failed for path
[0928/195644:WARNING:quota_manager.cc(1833)] Create directory failed for path
[0928/202644:WARNING:quota_manager.cc(1833)] Create directory failed for path
[0928/205644:WARNING:quota_manager.cc(1833)] Create directory failed for path
[0928/212644:WARNING:quota_manager.cc(1833)] Create directory failed for path
[0928/215644:WARNING:quota_manager.cc(1833)] Create directory failed for path
[0928/222644:WARNING:quota_manager.cc(1833)] Create directory failed for path
[0928/225644:WARNING:quota_manager.cc(1833)] Create directory failed for path
[0928/232644:WARNING:quota_manager.cc(1833)] Create directory failed for path
[0928/235644:WARNING:quota_manager.cc(1833)] Create directory failed for path
[0929/002644:WARNING:quota_manager.cc(1833)] Create directory failed for path
[0929/005644:WARNING:quota_manager.cc(1833)] Create directory failed for path
[0929/012644:WARNING:quota_manager.cc(1833)] Create directory failed for path
[0929/015644:WARNING:quota_manager.cc(1833)] Create directory failed for path
[0929/022644:WARNING:quota_manager.cc(1833)] Create directory failed for path
[0929/025644:WARNING:quota_manager.cc(1833)] Create directory failed for path
[0929/032644:WARNING:quota_manager.cc(1833)] Create directory failed for path
[0929/035644:WARNING:quota_manager.cc(1833)] Create directory failed for path
[0929/042644:WARNING:quota_manager.cc(1833)] Create directory failed for path
[0929/045644:WARNING:quota_manager.cc(1833)] Create directory failed for path
[0929/052644:WARNING:quota_manager.cc(1833)] Create directory failed for path
[0929/055644:WARNING:quota_manager.cc(1833)] Create directory failed for path
[0929/062644:WARNING:quota_manager.cc(1833)] Create directory failed for path
[0929/065644:WARNING:quota_manager.cc(1833)] Create directory failed for path
[0929/072644:WARNING:quota_manager.cc(1833)] Create directory failed for path
[0929/075644:WARNING:quota_manager.cc(1833)] Create directory failed for path
[0929/082644:WARNING:quota_manager.cc(1833)] Create directory failed for path
[0929/085644:WARNING:quota_manager.cc(1833)] Create directory failed for path
[0929/092644:WARNING:quota_manager.cc(1833)] Create directory failed for path
[0929/095644:WARNING:quota_manager.cc(1833)] Create directory failed for path
[0929/102644:WARNING:quota_manager.cc(1833)] Create directory failed for path
[0929/105644:WARNING:quota_manager.cc(1833)] Create directory failed for path
[0929/112644:WARNING:quota_manager.cc(1833)] Create directory failed for path
[0929/115644:WARNING:quota_manager.cc(1833)] Create directory failed for path
[0929/122644:WARNING:quota_manager.cc(1833)] Create directory failed for path
[0929/125644:WARNING:quota_manager.cc(1833)] Create directory failed for path
[0929/132644:WARNING:quota_manager.cc(1833)] Create directory failed for path
[0929/135644:WARNING:quota_manager.cc(1833)] Create directory failed for path
[0929/142644:WARNING:quota_manager.cc(1833)] Create directory failed for path
[0929/145644:WARNING:quota_manager.cc(1833)] Create directory failed for path
[0929/152644:WARNING:quota_manager.cc(1833)] Create directory failed for path
[0929/155644:WARNING:quota_manager.cc(1833)] Create directory failed for path
[0929/161555:INFO:exception_record.cc(518)] [QB]Process ID: 17292 Type: 2
[0929/162644:WARNING:quota_manager.cc(1833)] Create directory failed for path
[0929/163544:INFO:exception_record.cc(518)] [QB]Process ID: 12116 Type: 2
[0929/165644:WARNING:quota_manager.cc(1833)] Create directory failed for path
[0929/172644:WARNING:quota_manager.cc(1833)] Create directory failed for path
[0929/175644:WARNING:quota_manager.cc(1833)] Create directory failed for path
[0929/182644:WARNING:quota_manager.cc(1833)] Create directory failed for path
[0929/185644:WARNING:quota_manager.cc(1833)] Create directory failed for path
[0929/192644:WARNING:quota_manager.cc(1833)] Create directory failed for path
[0929/195644:WARNING:quota_manager.cc(1833)] Create directory failed for path
[0929/202644:WARNING:quota_manager.cc(1833)] Create directory failed for path
[0929/205644:WARNING:quota_manager.cc(1833)] Create directory failed for path
[0929/212644:WARNING:quota_manager.cc(1833)] Create directory failed for path
[0929/215644:WARNING:quota_manager.cc(1833)] Create directory failed for path
[0929/222644:WARNING:quota_manager.cc(1833)] Create directory failed for path
[0929/225644:WARNING:quota_manager.cc(1833)] Create directory failed for path
[0929/232644:WARNING:quota_manager.cc(1833)] Create directory failed for path
[0929/235644:WARNING:quota_manager.cc(1833)] Create directory failed for path
[0930/002644:WARNING:quota_manager.cc(1833)] Create directory failed for path
[0930/005644:WARNING:quota_manager.cc(1833)] Create directory failed for path
[0930/012644:WARNING:quota_manager.cc(1833)] Create directory failed for path
[0930/015644:WARNING:quota_manager.cc(1833)] Create directory failed for path
[0930/022644:WARNING:quota_manager.cc(1833)] Create directory failed for path
[0930/025644:WARNING:quota_manager.cc(1833)] Create directory failed for path
[0930/032644:WARNING:quota_manager.cc(1833)] Create directory failed for path
[0930/035644:WARNING:quota_manager.cc(1833)] Create directory failed for path
[0930/042644:WARNING:quota_manager.cc(1833)] Create directory failed for path
[0930/045644:WARNING:quota_manager.cc(1833)] Create directory failed for path
[0930/052644:WARNING:quota_manager.cc(1833)] Create directory failed for path
[0930/055644:WARNING:quota_manager.cc(1833)] Create directory failed for path
[0930/062644:WARNING:quota_manager.cc(1833)] Create directory failed for path
[0930/065644:WARNING:quota_manager.cc(1833)] Create directory failed for path
[0930/072644:WARNING:quota_manager.cc(1833)] Create directory failed for path
[0930/075644:WARNING:quota_manager.cc(1833)] Create directory failed for path
[0930/082644:WARNING:quota_manager.cc(1833)] Create directory failed for path
[0930/085644:WARNING:quota_manager.cc(1833)] Create directory failed for path
[0930/092644:WARNING:quota_manager.cc(1833)] Create directory failed for path
[0930/095644:WARNING:quota_manager.cc(1833)] Create directory failed for path
[0930/102644:WARNING:quota_manager.cc(1833)] Create directory failed for path
[0930/105644:WARNING:quota_manager.cc(1833)] Create directory failed for path
[0930/112644:WARNING:quota_manager.cc(1833)] Create directory failed for path
[0930/115644:WARNING:quota_manager.cc(1833)] Create directory failed for path
[0930/122644:WARNING:quota_manager.cc(1833)] Create directory failed for path
[0930/125644:WARNING:quota_manager.cc(1833)] Create directory failed for path
[0930/132644:WARNING:quota_manager.cc(1833)] Create directory failed for path
[0930/135644:WARNING:quota_manager.cc(1833)] Create directory failed for path
[0930/142644:WARNING:quota_manager.cc(1833)] Create directory failed for path
[0930/145644:WARNING:quota_manager.cc(1833)] Create directory failed for path
[0930/152644:WARNING:quota_manager.cc(1833)] Create directory failed for path
[0930/155644:WARNING:quota_manager.cc(1833)] Create directory failed for path
[0930/162644:WARNING:quota_manager.cc(1833)] Create directory failed for path
[0930/165644:WARNING:quota_manager.cc(1833)] Create directory failed for path
[0930/172644:WARNING:quota_manager.cc(1833)] Create directory failed for path
[0930/175644:WARNING:quota_manager.cc(1833)] Create directory failed for path
[0930/182644:WARNING:quota_manager.cc(1833)] Create directory failed for path
[0930/185644:WARNING:quota_manager.cc(1833)] Create directory failed for path
[0930/192644:WARNING:quota_manager.cc(1833)] Create directory failed for path
[0930/195644:WARNING:quota_manager.cc(1833)] Create directory failed for path
[0930/202644:WARNING:quota_manager.cc(1833)] Create directory failed for path
[0930/205644:WARNING:quota_manager.cc(1833)] Create directory failed for path
[0930/212644:WARNING:quota_manager.cc(1833)] Create directory failed for path
[0930/215644:WARNING:quota_manager.cc(1833)] Create directory failed for path
[0930/222644:WARNING:quota_manager.cc(1833)] Create directory failed for path
[0930/225644:WARNING:quota_manager.cc(1833)] Create directory failed for path
[0930/232644:WARNING:quota_manager.cc(1833)] Create directory failed for path
[0930/235644:WARNING:quota_manager.cc(1833)] Create directory failed for path
[1001/002644:WARNING:quota_manager.cc(1833)] Create directory failed for path
[1001/005644:WARNING:quota_manager.cc(1833)] Create directory failed for path
[1001/012644:WARNING:quota_manager.cc(1833)] Create directory failed for path
[1001/015644:WARNING:quota_manager.cc(1833)] Create directory failed for path
[1001/022644:WARNING:quota_manager.cc(1833)] Create directory failed for path
[1001/025644:WARNING:quota_manager.cc(1833)] Create directory failed for path
[1001/032644:WARNING:quota_manager.cc(1833)] Create directory failed for path
[1001/035644:WARNING:quota_manager.cc(1833)] Create directory failed for path
[1001/042644:WARNING:quota_manager.cc(1833)] Create directory failed for path
[1001/045644:WARNING:quota_manager.cc(1833)] Create directory failed for path
[1001/052644:WARNING:quota_manager.cc(1833)] Create directory failed for path
[1001/055644:WARNING:quota_manager.cc(1833)] Create directory failed for path
[1001/062644:WARNING:quota_manager.cc(1833)] Create directory failed for path
[1001/065644:WARNING:quota_manager.cc(1833)] Create directory failed for path
[1001/072644:WARNING:quota_manager.cc(1833)] Create directory failed for path
[1001/075644:WARNING:quota_manager.cc(1833)] Create directory failed for path
[1001/082644:WARNING:quota_manager.cc(1833)] Create directory failed for path
[1001/085644:WARNING:quota_manager.cc(1833)] Create directory failed for path
[1001/092644:WARNING:quota_manager.cc(1833)] Create directory failed for path
[1001/095644:WARNING:quota_manager.cc(1833)] Create directory failed for path
[1001/102644:WARNING:quota_manager.cc(1833)] Create directory failed for path
[1001/105644:WARNING:quota_manager.cc(1833)] Create directory failed for path
[1001/112644:WARNING:quota_manager.cc(1833)] Create directory failed for path
[1001/115644:WARNING:quota_manager.cc(1833)] Create directory failed for path
[1001/122644:WARNING:quota_manager.cc(1833)] Create directory failed for path
[1001/125644:WARNING:quota_manager.cc(1833)] Create directory failed for path
[1001/132644:WARNING:quota_manager.cc(1833)] Create directory failed for path
[1001/135644:WARNING:quota_manager.cc(1833)] Create directory failed for path
[1001/142644:WARNING:quota_manager.cc(1833)] Create directory failed for path
[1001/145644:WARNING:quota_manager.cc(1833)] Create directory failed for path
[1001/152644:WARNING:quota_manager.cc(1833)] Create directory failed for path
[1001/155644:WARNING:quota_manager.cc(1833)] Create directory failed for path
[1001/162644:WARNING:quota_manager.cc(1833)] Create directory failed for path
[1001/165644:WARNING:quota_manager.cc(1833)] Create directory failed for path
[1001/172644:WARNING:quota_manager.cc(1833)] Create directory failed for path
[1001/175644:WARNING:quota_manager.cc(1833)] Create directory failed for path
[1001/182644:WARNING:quota_manager.cc(1833)] Create directory failed for path
[1001/185644:WARNING:quota_manager.cc(1833)] Create directory failed for path
[1001/192644:WARNING:quota_manager.cc(1833)] Create directory failed for path
[1001/195644:WARNING:quota_manager.cc(1833)] Create directory failed for path
[1001/202644:WARNING:quota_manager.cc(1833)] Create directory failed for path
[1001/205644:WARNING:quota_manager.cc(1833)] Create directory failed for path
[1001/212644:WARNING:quota_manager.cc(1833)] Create directory failed for path
[1001/215644:WARNING:quota_manager.cc(1833)] Create directory failed for path
[1001/222644:WARNING:quota_manager.cc(1833)] Create directory failed for path
[1001/225644:WARNING:quota_manager.cc(1833)] Create directory failed for path
[1001/232644:WARNING:quota_manager.cc(1833)] Create directory failed for path
[1001/235644:WARNING:quota_manager.cc(1833)] Create directory failed for path
[1002/002644:WARNING:quota_manager.cc(1833)] Create directory failed for path
[1002/005644:WARNING:quota_manager.cc(1833)] Create directory failed for path
[1002/012644:WARNING:quota_manager.cc(1833)] Create directory failed for path
[1002/015644:WARNING:quota_manager.cc(1833)] Create directory failed for path
[1002/022644:WARNING:quota_manager.cc(1833)] Create directory failed for path
[1002/025644:WARNING:quota_manager.cc(1833)] Create directory failed for path
[1002/032644:WARNING:quota_manager.cc(1833)] Create directory failed for path
[1002/035644:WARNING:quota_manager.cc(1833)] Create directory failed for path
[1002/042644:WARNING:quota_manager.cc(1833)] Create directory failed for path
[1002/045644:WARNING:quota_manager.cc(1833)] Create directory failed for path
[1002/052644:WARNING:quota_manager.cc(1833)] Create directory failed for path
[1002/055644:WARNING:quota_manager.cc(1833)] Create directory failed for path
[1002/062644:WARNING:quota_manager.cc(1833)] Create directory failed for path
[1002/065644:WARNING:quota_manager.cc(1833)] Create directory failed for path
[1002/072644:WARNING:quota_manager.cc(1833)] Create directory failed for path
[1002/075644:WARNING:quota_manager.cc(1833)] Create directory failed for path
[1002/082644:WARNING:quota_manager.cc(1833)] Create directory failed for path
[1002/085644:WARNING:quota_manager.cc(1833)] Create directory failed for path
[1002/092644:WARNING:quota_manager.cc(1833)] Create directory failed for path
[1002/095644:WARNING:quota_manager.cc(1833)] Create directory failed for path
[1002/102644:WARNING:quota_manager.cc(1833)] Create directory failed for path
[1002/105644:WARNING:quota_manager.cc(1833)] Create directory failed for path
[1002/112644:WARNING:quota_manager.cc(1833)] Create directory failed for path
[1002/115644:WARNING:quota_manager.cc(1833)] Create directory failed for path
[1002/122644:WARNING:quota_manager.cc(1833)] Create directory failed for path
[1002/125644:WARNING:quota_manager.cc(1833)] Create directory failed for path
[1002/132644:WARNING:quota_manager.cc(1833)] Create directory failed for path
[1002/135644:WARNING:quota_manager.cc(1833)] Create directory failed for path
[1002/142644:WARNING:quota_manager.cc(1833)] Create directory failed for path
[1002/145644:WARNING:quota_manager.cc(1833)] Create directory failed for path
[1002/152644:WARNING:quota_manager.cc(1833)] Create directory failed for path
[1002/155644:WARNING:quota_manager.cc(1833)] Create directory failed for path
[1002/162644:WARNING:quota_manager.cc(1833)] Create directory failed for path
[1002/165644:WARNING:quota_manager.cc(1833)] Create directory failed for path
[1002/172644:WARNING:quota_manager.cc(1833)] Create directory failed for path
[1002/175644:WARNING:quota_manager.cc(1833)] Create directory failed for path
[1002/182644:WARNING:quota_manager.cc(1833)] Create directory failed for path
[1002/185644:WARNING:quota_manager.cc(1833)] Create directory failed for path
[1002/192644:WARNING:quota_manager.cc(1833)] Create directory failed for path
[1002/195644:WARNING:quota_manager.cc(1833)] Create directory failed for path
[1002/202644:WARNING:quota_manager.cc(1833)] Create directory failed for path
[1002/205644:WARNING:quota_manager.cc(1833)] Create directory failed for path
[1002/212644:WARNING:quota_manager.cc(1833)] Create directory failed for path
[1002/215644:WARNING:quota_manager.cc(1833)] Create directory failed for path
[1002/222644:WARNING:quota_manager.cc(1833)] Create directory failed for path
[1002/225644:WARNING:quota_manager.cc(1833)] Create directory failed for path
[1002/232644:WARNING:quota_manager.cc(1833)] Create directory failed for path
[1002/235644:WARNING:quota_manager.cc(1833)] Create directory failed for path
[1003/002644:WARNING:quota_manager.cc(1833)] Create directory failed for path
[1003/005644:WARNING:quota_manager.cc(1833)] Create directory failed for path
[1003/012644:WARNING:quota_manager.cc(1833)] Create directory failed for path
[1003/015644:WARNING:quota_manager.cc(1833)] Create directory failed for path
[1003/022644:WARNING:quota_manager.cc(1833)] Create directory failed for path
[1003/025644:WARNING:quota_manager.cc(1833)] Create directory failed for path
[1003/032644:WARNING:quota_manager.cc(1833)] Create directory failed for path
[1003/035644:WARNING:quota_manager.cc(1833)] Create directory failed for path
[1003/042644:WARNING:quota_manager.cc(1833)] Create directory failed for path
[1003/045644:WARNING:quota_manager.cc(1833)] Create directory failed for path
[1003/052644:WARNING:quota_manager.cc(1833)] Create directory failed for path
[1003/055644:WARNING:quota_manager.cc(1833)] Create directory failed for path
[1003/062644:WARNING:quota_manager.cc(1833)] Create directory failed for path
[1003/065644:WARNING:quota_manager.cc(1833)] Create directory failed for path
[1003/072644:WARNING:quota_manager.cc(1833)] Create directory failed for path
[1003/075644:WARNING:quota_manager.cc(1833)] Create directory failed for path
[1003/082644:WARNING:quota_manager.cc(1833)] Create directory failed for path
[1003/085644:WARNING:quota_manager.cc(1833)] Create directory failed for path
[1003/092644:WARNING:quota_manager.cc(1833)] Create directory failed for path
[1003/093531:INFO:exception_record.cc(518)] [QB]Process ID: 17416 Type: 2
[1003/095143:INFO:exception_record.cc(518)] [QB]Process ID: 21368 Type: 2
[1003/095644:WARNING:quota_manager.cc(1833)] Create directory failed for path
[1003/102644:WARNING:quota_manager.cc(1833)] Create directory failed for path
[1003/105644:WARNING:quota_manager.cc(1833)] Create directory failed for path
[1003/112644:WARNING:quota_manager.cc(1833)] Create directory failed for path
[1003/115644:WARNING:quota_manager.cc(1833)] Create directory failed for path
[1003/122644:WARNING:quota_manager.cc(1833)] Create directory failed for path
[1003/125644:WARNING:quota_manager.cc(1833)] Create directory failed for path
[1003/132644:WARNING:quota_manager.cc(1833)] Create directory failed for path
[1003/135644:WARNING:quota_manager.cc(1833)] Create directory failed for path
[1003/142644:WARNING:quota_manager.cc(1833)] Create directory failed for path
[1003/145644:WARNING:quota_manager.cc(1833)] Create directory failed for path
[1003/152644:WARNING:quota_manager.cc(1833)] Create directory failed for path
[1003/152658:WARNING:webmediaplayer_impl.cc(341)] Using MultibufferDataSource
[1003/152705:WARNING:webmediaplayer_impl.cc(341)] Using MultibufferDataSource
[1003/152748:ERROR:ffmpeg_demuxer.cc(1510)] media::FFmpegDemuxer::OnReadFrameDone result=-541478725 IsMaxMemoryUsageReached=0
[1003/152752:WARNING:webmediaplayer_impl.cc(341)] Using MultibufferDataSource
[1003/152810:ERROR:ffmpeg_demuxer.cc(1510)] media::FFmpegDemuxer::OnReadFrameDone result=-541478725 IsMaxMemoryUsageReached=0
[1003/155644:WARNING:quota_manager.cc(1833)] Create directory failed for path
[1003/162644:WARNING:quota_manager.cc(1833)] Create directory failed for path
[1003/165644:WARNING:quota_manager.cc(1833)] Create directory failed for path
[1003/172644:WARNING:quota_manager.cc(1833)] Create directory failed for path
[1003/175644:WARNING:quota_manager.cc(1833)] Create directory failed for path
[1003/182644:WARNING:quota_manager.cc(1833)] Create directory failed for path
[1003/185644:WARNING:quota_manager.cc(1833)] Create directory failed for path
[1003/192644:WARNING:quota_manager.cc(1833)] Create directory failed for path
[1003/195648:WARNING:quota_manager.cc(1833)] Create directory failed for path
[1003/202648:WARNING:quota_manager.cc(1833)] Create directory failed for path
[1003/205648:WARNING:quota_manager.cc(1833)] Create directory failed for path
[1003/212648:WARNING:quota_manager.cc(1833)] Create directory failed for path
[1003/215648:WARNING:quota_manager.cc(1833)] Create directory failed for path
[1003/222648:WARNING:quota_manager.cc(1833)] Create directory failed for path
[1003/225648:WARNING:quota_manager.cc(1833)] Create directory failed for path
[1003/232648:WARNING:quota_manager.cc(1833)] Create directory failed for path
[1003/235648:WARNING:quota_manager.cc(1833)] Create directory failed for path
[1004/002648:WARNING:quota_manager.cc(1833)] Create directory failed for path
[1004/005648:WARNING:quota_manager.cc(1833)] Create directory failed for path
[1004/012648:WARNING:quota_manager.cc(1833)] Create directory failed for path
[1004/015648:WARNING:quota_manager.cc(1833)] Create directory failed for path
[1004/022648:WARNING:quota_manager.cc(1833)] Create directory failed for path
[1004/025648:WARNING:quota_manager.cc(1833)] Create directory failed for path
[1004/032648:WARNING:quota_manager.cc(1833)] Create directory failed for path
[1004/035648:WARNING:quota_manager.cc(1833)] Create directory failed for path
[1004/042648:WARNING:quota_manager.cc(1833)] Create directory failed for path
[1004/045648:WARNING:quota_manager.cc(1833)] Create directory failed for path
[1004/052648:WARNING:quota_manager.cc(1833)] Create directory failed for path
[1004/055648:WARNING:quota_manager.cc(1833)] Create directory failed for path
[1004/062648:WARNING:quota_manager.cc(1833)] Create directory failed for path
[1004/065648:WARNING:quota_manager.cc(1833)] Create directory failed for path
[1004/072648:WARNING:quota_manager.cc(1833)] Create directory failed for path
[1004/075648:WARNING:quota_manager.cc(1833)] Create directory failed for path
[1004/082648:WARNING:quota_manager.cc(1833)] Create directory failed for path
[1004/085648:WARNING:quota_manager.cc(1833)] Create directory failed for path
[1004/092648:WARNING:quota_manager.cc(1833)] Create directory failed for path
[1004/095648:WARNING:quota_manager.cc(1833)] Create directory failed for path
[1004/102648:WARNING:quota_manager.cc(1833)] Create directory failed for path
[1004/105648:WARNING:quota_manager.cc(1833)] Create directory failed for path
[1004/112648:WARNING:quota_manager.cc(1833)] Create directory failed for path
[1004/115648:WARNING:quota_manager.cc(1833)] Create directory failed for path
[1004/122648:WARNING:quota_manager.cc(1833)] Create directory failed for path
[1004/125648:WARNING:quota_manager.cc(1833)] Create directory failed for path
[1004/132648:WARNING:quota_manager.cc(1833)] Create directory failed for path
[1004/135648:WARNING:quota_manager.cc(1833)] Create directory failed for path
[1004/142648:WARNING:quota_manager.cc(1833)] Create directory failed for path
[1004/145648:WARNING:quota_manager.cc(1833)] Create directory failed for path
[1004/152648:WARNING:quota_manager.cc(1833)] Create directory failed for path
[1004/155648:WARNING:quota_manager.cc(1833)] Create directory failed for path
[1004/162648:WARNING:quota_manager.cc(1833)] Create directory failed for path
[1004/165648:WARNING:quota_manager.cc(1833)] Create directory failed for path
[1004/172648:WARNING:quota_manager.cc(1833)] Create directory failed for path
[1004/175648:WARNING:quota_manager.cc(1833)] Create directory failed for path
[1004/182648:WARNING:quota_manager.cc(1833)] Create directory failed for path
[1004/185648:WARNING:quota_manager.cc(1833)] Create directory failed for path
[1004/192648:WARNING:quota_manager.cc(1833)] Create directory failed for path
[1004/195648:WARNING:quota_manager.cc(1833)] Create directory failed for path
[1004/202648:WARNING:quota_manager.cc(1833)] Create directory failed for path
[1004/205648:WARNING:quota_manager.cc(1833)] Create directory failed for path
[1004/212648:WARNING:quota_manager.cc(1833)] Create directory failed for path
[1004/215648:WARNING:quota_manager.cc(1833)] Create directory failed for path
[1004/222648:WARNING:quota_manager.cc(1833)] Create directory failed for path
[1004/225648:WARNING:quota_manager.cc(1833)] Create directory failed for path
[1004/232648:WARNING:quota_manager.cc(1833)] Create directory failed for path
[1004/235648:WARNING:quota_manager.cc(1833)] Create directory failed for path
[1005/002648:WARNING:quota_manager.cc(1833)] Create directory failed for path
[1005/005648:WARNING:quota_manager.cc(1833)] Create directory failed for path
[1005/012648:WARNING:quota_manager.cc(1833)] Create directory failed for path
[1005/015648:WARNING:quota_manager.cc(1833)] Create directory failed for path
[1005/022648:WARNING:quota_manager.cc(1833)] Create directory failed for path
[1005/025648:WARNING:quota_manager.cc(1833)] Create directory failed for path
[1005/032648:WARNING:quota_manager.cc(1833)] Create directory failed for path
[1005/035648:WARNING:quota_manager.cc(1833)] Create directory failed for path
[1005/042648:WARNING:quota_manager.cc(1833)] Create directory failed for path
[1005/045648:WARNING:quota_manager.cc(1833)] Create directory failed for path
[1005/052648:WARNING:quota_manager.cc(1833)] Create directory failed for path
[1005/055648:WARNING:quota_manager.cc(1833)] Create directory failed for path
[1005/062648:WARNING:quota_manager.cc(1833)] Create directory failed for path
[1005/065648:WARNING:quota_manager.cc(1833)] Create directory failed for path
[1005/072648:WARNING:quota_manager.cc(1833)] Create directory failed for path
[1005/075648:WARNING:quota_manager.cc(1833)] Create directory failed for path
[1005/082648:WARNING:quota_manager.cc(1833)] Create directory failed for path
[1005/085648:WARNING:quota_manager.cc(1833)] Create directory failed for path
[1005/092648:WARNING:quota_manager.cc(1833)] Create directory failed for path
[1005/095648:WARNING:quota_manager.cc(1833)] Create directory failed for path
[1005/102648:WARNING:quota_manager.cc(1833)] Create directory failed for path
[1005/105648:WARNING:quota_manager.cc(1833)] Create directory failed for path
[1005/112648:WARNING:quota_manager.cc(1833)] Create directory failed for path
[1005/115648:WARNING:quota_manager.cc(1833)] Create directory failed for path
[1005/122648:WARNING:quota_manager.cc(1833)] Create directory failed for path
[1005/125648:WARNING:quota_manager.cc(1833)] Create directory failed for path
[1005/132648:WARNING:quota_manager.cc(1833)] Create directory failed for path
[1005/135648:WARNING:quota_manager.cc(1833)] Create directory failed for path
[1005/141843:FATAL:memory_win.cc(38)] Out of memory, size = 5528496
Error initializing symbols (8).  Dumping unresolved backtrace:
	088C63B7
	0888E4C1
	0A5E61C1
	088ED5BC
	0A5A4ACA
	0AF1E829
	088711F8
	08B40595
	08B3FE4F
	08B404AF
	08A709B2
	08A71416
	08A7714B
	08AD2330
	0B0808B6
	08B7D2DE
	08A7714B
	08AF4E60
	08AF6E07
	08AF33D5
	0A318763
	08AA11D6
	0A6AC717
	08A9FB55
	08AA04CF
	09CDB7F9
	088C70C7
	08894019
	0889388C
	088C7CAA
	088C876A
	08893D11
	088B74C5
	09D382EF
	09D38A02
	088B78FD
	088A17E2
	76C462C4
	77ED0F79
	77ED0F44

[1029/153330:INFO:exception_record.cc(518)] [QB]Process ID: 20944 Type: 2
[1029/162210:INFO:exception_record.cc(518)] [QB]Process ID: 8992 Type: 2
[1029/170237:INFO:exception_record.cc(518)] [QB]Process ID: 2952 Type: 2
